<?xml version="1.0" encoding="UTF-8"?>
<!-- Generated by org.testng.reporters.JUnitXMLReporter -->
<testsuite hostname="lgvn14127" ignored="0" name="LoginTest" tests="4" failures="2" timestamp="22 Mar 2018 01:48:54 GMT" time="41.88" errors="0">
  <testcase name="invalidLoginTest_InvalidUserNameInvalidPassword" time="12.538" classname="tests.LoginTests">
    <skipped/>
  </testcase> <!-- invalidLoginTest_InvalidUserNameInvalidPassword -->
  <testcase name="invalidLoginTest_InvalidUserNameInvalidPassword" time="7.606" classname="tests.LoginTests">
    <failure type="java.lang.AssertionError" message="expected [E-posta adresiniz veya ÅŸifreniz hatalÄ±] but found [E-posta adresiniz veya şifreniz hatalı]">
      <![CDATA[java.lang.AssertionError: expected [E-posta adresiniz veya ÅŸifreniz hatalÄ±] but found [E-posta adresiniz veya şifreniz hatalı]
	at pages.LoginPage.verifyLoginPassword(LoginPage.java:40)
	at tests.LoginTests.invalidLoginTest_InvalidUserNameInvalidPassword(LoginTests.java:40)
... Removed 34 stack frames]]>
    </failure>
  </testcase> <!-- invalidLoginTest_InvalidUserNameInvalidPassword -->
  <testcase name="invalidLoginTest_EmptyUserEmptyPassword" time="5.03" classname="tests.LoginTests">
    <skipped/>
  </testcase> <!-- invalidLoginTest_EmptyUserEmptyPassword -->
  <testcase name="invalidLoginTest_EmptyUserEmptyPassword" time="10.065" classname="tests.LoginTests">
    <failure type="java.lang.AssertionError" message="expected [LÃ¼tfen e-posta adresinizi girin.] but found [Lütfen e-posta adresinizi girin.]">
      <![CDATA[java.lang.AssertionError: expected [LÃ¼tfen e-posta adresinizi girin.] but found [Lütfen e-posta adresinizi girin.]
	at pages.LoginPage.verifyLoginUserName(LoginPage.java:35)
	at tests.LoginTests.invalidLoginTest_EmptyUserEmptyPassword(LoginTests.java:60)
... Removed 34 stack frames]]>
    </failure>
  </testcase> <!-- invalidLoginTest_EmptyUserEmptyPassword -->
</testsuite> <!-- LoginTest -->
