<?xml version="1.0" encoding="UTF-8"?>
<testsuite xmlns:xsi="http://www.w3.org/2001/XMLSchema-instance" xsi:noNamespaceSchemaLocation="https://maven.apache.org/surefire/maven-surefire-plugin/xsd/surefire-test-report.xsd" name="TestSuite" time="79.351" tests="4" errors="0" skipped="2" failures="2">
  <properties>
[...]
</properties>
  <testcase name="invalidLoginTest_InvalidUserNameInvalidPassword" classname="tests.LoginTests" time="0">
    <skipped message="expected [E-posta adresiniz veya ÅŸifreniz hatalÄ±] but found [E-posta adresiniz veya şifreniz hatalı]"/>
    <system-out><![CDATA[I am in onStart method LoginTest
I am in onTestStart method invalidLoginTest_InvalidUserNameInvalidPassword start
I am in onTestSkipped method invalidLoginTest_InvalidUserNameInvalidPassword skipped
]]></system-out>
    <system-err><![CDATA[Starting ChromeDriver 2.37.543627 (63642262d9fb93fb4ab52398be4286d844092a5e) on port 35168
Only local connections are allowed.
Mar 20, 2018 9:09:19 PM org.openqa.selenium.remote.ProtocolHandshake createSession
INFO: Detected dialect: OSS
]]></system-err>
  </testcase>
  <testcase name="invalidLoginTest_InvalidUserNameInvalidPassword" classname="tests.LoginTests" time="9.987">
    <failure message="expected [E-posta adresiniz veya ÅŸifreniz hatalÄ±] but found [E-posta adresiniz veya şifreniz hatalı]" type="java.lang.AssertionError">java.lang.AssertionError: expected [E-posta adresiniz veya ÅŸifreniz hatalÄ±] but found [E-posta adresiniz veya şifreniz hatalı]
	at tests.LoginTests.invalidLoginTest_InvalidUserNameInvalidPassword(LoginTests.java:37)
</failure>
    <system-out><![CDATA[I am in onTestStart method invalidLoginTest_InvalidUserNameInvalidPassword start
I am in onTestFailure method invalidLoginTest_InvalidUserNameInvalidPassword failed
]]></system-out>
  </testcase>
  <testcase name="invalidLoginTest_EmptyUserEmptyPassword" classname="tests.LoginTests" time="0">
    <skipped message="expected [LÃ¼tfen e-posta adresinizi girin.] but found [Lütfen e-posta adresinizi girin.]"/>
    <system-out><![CDATA[I am in onTestStart method invalidLoginTest_EmptyUserEmptyPassword start
I am in onTestSkipped method invalidLoginTest_EmptyUserEmptyPassword skipped
]]></system-out>
  </testcase>
  <testcase name="invalidLoginTest_EmptyUserEmptyPassword" classname="tests.LoginTests" time="6.151">
    <failure message="expected [LÃ¼tfen e-posta adresinizi girin.] but found [Lütfen e-posta adresinizi girin.]" type="java.lang.AssertionError">java.lang.AssertionError: expected [LÃ¼tfen e-posta adresinizi girin.] but found [Lütfen e-posta adresinizi girin.]
	at tests.LoginTests.invalidLoginTest_EmptyUserEmptyPassword(LoginTests.java:56)
</failure>
    <system-out><![CDATA[I am in onTestStart method invalidLoginTest_EmptyUserEmptyPassword start
I am in onTestFailure method invalidLoginTest_EmptyUserEmptyPassword failed
]]></system-out>
  </testcase>
</testsuite>