-------------------------------------------------------------------------------
Test set: TestSuite
-------------------------------------------------------------------------------
Tests run: 4, Failures: 2, Errors: 0, Skipped: 2, Time elapsed: 41.591 s <<< FAILURE! - in TestSuite
invalidLoginTest_InvalidUserNameInvalidPassword(tests.LoginTests)  Time elapsed: 8.192 s  <<< FAILURE!
java.lang.AssertionError: expected [E-posta adresiniz veya ÅŸifreniz hatalÄ±] but found [E-posta adresiniz veya ?ifreniz hatal?]
	at tests.LoginTests.invalidLoginTest_InvalidUserNameInvalidPassword(LoginTests.java:40)

invalidLoginTest_EmptyUserEmptyPassword(tests.LoginTests)  Time elapsed: 6.508 s  <<< FAILURE!
java.lang.AssertionError: expected [LÃ¼tfen e-posta adresinizi girin.] but found [Lütfen e-posta adresinizi girin.]
	at tests.LoginTests.invalidLoginTest_EmptyUserEmptyPassword(LoginTests.java:60)

